This file contains any messages produced by compilers while
running configure, to aid debugging if configure makes a mistake.

It was created by tdbcoracle configure 1.0b12, which was
generated by GNU Autoconf 2.63.  Invocation command line was

  $ ./configure 

## --------- ##
## Platform. ##
## --------- ##

hostname = wiewiorek
uname -m = i686
uname -r = 2.6.30-gentoo-r2
uname -s = Linux
uname -v = #8 Thu Jul 23 17:19:34 CEST 2009

/usr/bin/uname -p = Mobile Intel(R) Pentium(R) 4 - M CPU 2.00GHz
/bin/uname -X     = unknown

/bin/arch              = unknown
/usr/bin/arch -k       = unknown
/usr/convex/getsysinfo = unknown
/usr/bin/hostinfo      = unknown
/bin/machine           = unknown
/usr/bin/oslevel       = unknown
/bin/universe          = unknown

PATH: /usr/lib/ccache/bin
PATH: /usr/local/bin
PATH: /usr/bin
PATH: /bin
PATH: /opt/bin
PATH: /usr/i686-pc-linux-gnu/gcc-bin/4.3.3
PATH: /usr/kde/3.5/bin
PATH: /usr/qt/3/bin
PATH: /usr/games/bin
PATH: /opt/vmware/server/console/bin
PATH: /sbin
PATH: /usr/local/bin
PATH: /home/slawek/edonkey
PATH: /usr/sbin/
PATH: /opt/kde/sbin
PATH: /opt/kde/bin
PATH: /home/slawek/hitech/picc/lite/9.60PL1/bin
PATH: /usr/lib/oracle/xe/app/oracle/product/10.2.0/server/bin/


## ----------- ##
## Core tests. ##
## ----------- ##

configure:1928: checking for correct TEA configuration
configure:1947: result: ok (TEA 3.6)
configure:2049: checking for Tcl configuration
configure:2165: result: found /usr/local/lib/tclConfig.sh
configure:2171: checking for existence of /usr/local/lib/tclConfig.sh
configure:2175: result: loading
configure:2444: checking for tdbc configuration
configure:2538: result: found /home/slawek/gsoc/tdbc/tdbc/tdbcConfig.sh
configure:2544: checking for existence of /home/slawek/gsoc/tdbc/tdbc/tdbcConfig.sh
configure:2548: result: loading
configure:2566: WARNING: Found Makefile - using build library specs for tdbc
configure:2594: --prefix defaulting to TCL_PREFIX /usr/local
configure:2606: --exec-prefix defaulting to TCL_EXEC_PREFIX /usr/local
configure:2682: checking for gcc
configure:2698: found /usr/lib/ccache/bin/gcc
configure:2709: result: gcc
configure:2941: checking for C compiler version
configure:2949: gcc --version >&5
gcc (Gentoo 4.3.3-r2 p1.2, pie-10.1.5) 4.3.3
Copyright (C) 2008 Free Software Foundation, Inc.
This is free software; see the source for copying conditions.  There is NO
warranty; not even for MERCHANTABILITY or FITNESS FOR A PARTICULAR PURPOSE.

configure:2953: $? = 0
configure:2960: gcc -v >&5
Using built-in specs.
Target: i686-pc-linux-gnu
Configured with: /var/tmp/portage/sys-devel/gcc-4.3.3-r2/work/gcc-4.3.3/configure --prefix=/usr --bindir=/usr/i686-pc-linux-gnu/gcc-bin/4.3.3 --includedir=/usr/lib/gcc/i686-pc-linux-gnu/4.3.3/include --datadir=/usr/share/gcc-data/i686-pc-linux-gnu/4.3.3 --mandir=/usr/share/gcc-data/i686-pc-linux-gnu/4.3.3/man --infodir=/usr/share/gcc-data/i686-pc-linux-gnu/4.3.3/info --with-gxx-include-dir=/usr/lib/gcc/i686-pc-linux-gnu/4.3.3/include/g++-v4 --host=i686-pc-linux-gnu --build=i686-pc-linux-gnu --disable-altivec --disable-fixed-point --enable-nls --without-included-gettext --with-system-zlib --disable-checking --disable-werror --enable-secureplt --disable-multilib --enable-libmudflap --disable-libssp --enable-libgomp --enable-cld --disable-libgcj --with-arch=i686 --enable-languages=c,c++,treelang,fortran --enable-shared --enable-threads=posix --enable-__cxa_atexit --enable-clocale=gnu --with-bugurl=http://bugs.gentoo.org/ --with-pkgversion='Gentoo 4.3.3-r2 p1.2, pie-10.1.5'
Thread model: posix
gcc version 4.3.3 (Gentoo 4.3.3-r2 p1.2, pie-10.1.5) 
configure:2964: $? = 0
configure:2971: gcc -V >&5
gcc: '-V' option must have argument
configure:2975: $? = 1
configure:2998: checking for C compiler default output file name
configure:3020: gcc -g   conftest.c  >&5
configure:3024: $? = 0
configure:3062: result: a.out
configure:3081: checking whether the C compiler works
configure:3091: ./a.out
configure:3095: $? = 0
configure:3114: result: yes
configure:3121: checking whether we are cross compiling
configure:3123: result: no
configure:3126: checking for suffix of executables
configure:3133: gcc -o conftest -g   conftest.c  >&5
configure:3137: $? = 0
configure:3163: result: 
configure:3169: checking for suffix of object files
configure:3195: gcc -c -g  conftest.c >&5
configure:3199: $? = 0
configure:3224: result: o
configure:3228: checking whether we are using the GNU C compiler
configure:3257: gcc -c -g  conftest.c >&5
configure:3264: $? = 0
configure:3281: result: yes
configure:3290: checking whether gcc accepts -g
configure:3320: gcc -c -g  conftest.c >&5
configure:3327: $? = 0
configure:3428: result: yes
configure:3445: checking for gcc option to accept ISO C89
configure:3519: gcc  -c -g  conftest.c >&5
configure:3526: $? = 0
configure:3549: result: none needed
configure:3572: checking how to run the C preprocessor
configure:3612: gcc -E  conftest.c
configure:3619: $? = 0
configure:3650: gcc -E  conftest.c
conftest.c:8:28: error: ac_nonexistent.h: No such file or directory
configure:3657: $? = 1
configure: failed program was:
| /* confdefs.h.  */
| #define PACKAGE_NAME "tdbcoracle"
| #define PACKAGE_TARNAME "tdbcoracle"
| #define PACKAGE_VERSION "1.0b12"
| #define PACKAGE_STRING "tdbcoracle 1.0b12"
| #define PACKAGE_BUGREPORT ""
| /* end confdefs.h.  */
| #include <ac_nonexistent.h>
configure:3690: result: gcc -E
configure:3719: gcc -E  conftest.c
configure:3726: $? = 0
configure:3757: gcc -E  conftest.c
conftest.c:8:28: error: ac_nonexistent.h: No such file or directory
configure:3764: $? = 1
configure: failed program was:
| /* confdefs.h.  */
| #define PACKAGE_NAME "tdbcoracle"
| #define PACKAGE_TARNAME "tdbcoracle"
| #define PACKAGE_VERSION "1.0b12"
| #define PACKAGE_STRING "tdbcoracle 1.0b12"
| #define PACKAGE_BUGREPORT ""
| /* end confdefs.h.  */
| #include <ac_nonexistent.h>
configure:3818: checking for a BSD-compatible install
configure:3886: result: /usr/bin/install -c
configure:3902: checking whether make sets $(MAKE)
configure:3924: result: yes
configure:3981: checking for ranlib
configure:3997: found /usr/bin/ranlib
configure:4008: result: ranlib
configure:4040: checking for grep that handles long lines and -e
configure:4100: result: /bin/grep
configure:4105: checking for egrep
configure:4169: result: /bin/grep -E
configure:4174: checking for ANSI C header files
configure:4204: gcc -c -g  conftest.c >&5
configure:4211: $? = 0
configure:4310: gcc -o conftest -g   conftest.c  >&5
configure:4314: $? = 0
configure:4320: ./conftest
configure:4324: $? = 0
configure:4342: result: yes
configure:4366: checking for sys/types.h
configure:4387: gcc -c -g  conftest.c >&5
configure:4394: $? = 0
configure:4411: result: yes
configure:4366: checking for sys/stat.h
configure:4387: gcc -c -g  conftest.c >&5
configure:4394: $? = 0
configure:4411: result: yes
configure:4366: checking for stdlib.h
configure:4387: gcc -c -g  conftest.c >&5
configure:4394: $? = 0
configure:4411: result: yes
configure:4366: checking for string.h
configure:4387: gcc -c -g  conftest.c >&5
configure:4394: $? = 0
configure:4411: result: yes
configure:4366: checking for memory.h
configure:4387: gcc -c -g  conftest.c >&5
configure:4394: $? = 0
configure:4411: result: yes
configure:4366: checking for strings.h
configure:4387: gcc -c -g  conftest.c >&5
configure:4394: $? = 0
configure:4411: result: yes
configure:4366: checking for inttypes.h
configure:4387: gcc -c -g  conftest.c >&5
configure:4394: $? = 0
configure:4411: result: yes
configure:4366: checking for stdint.h
configure:4387: gcc -c -g  conftest.c >&5
configure:4394: $? = 0
configure:4411: result: yes
configure:4366: checking for unistd.h
configure:4387: gcc -c -g  conftest.c >&5
configure:4394: $? = 0
configure:4411: result: yes
configure:4435: checking if the compiler understands -pipe
configure:4463: gcc -c -g -pipe  conftest.c >&5
configure:4470: $? = 0
configure:4486: result: yes
configure:4498: checking whether byte ordering is bigendian
configure:4523: gcc -c -g -pipe  conftest.c >&5
conftest.c:19: error: expected '=', ',', ';', 'asm' or '__attribute__' before 'a'
configure:4530: $? = 1
configure: failed program was:
| /* confdefs.h.  */
| #define PACKAGE_NAME "tdbcoracle"
| #define PACKAGE_TARNAME "tdbcoracle"
| #define PACKAGE_VERSION "1.0b12"
| #define PACKAGE_STRING "tdbcoracle 1.0b12"
| #define PACKAGE_BUGREPORT ""
| #define STDC_HEADERS 1
| #define HAVE_SYS_TYPES_H 1
| #define HAVE_SYS_STAT_H 1
| #define HAVE_STDLIB_H 1
| #define HAVE_STRING_H 1
| #define HAVE_MEMORY_H 1
| #define HAVE_STRINGS_H 1
| #define HAVE_INTTYPES_H 1
| #define HAVE_STDINT_H 1
| #define HAVE_UNISTD_H 1
| /* end confdefs.h.  */
| #ifndef __APPLE_CC__
| 	       not a universal capable compiler
| 	     #endif
| 	     typedef int dummy;
| 
configure:4580: gcc -c -g -pipe  conftest.c >&5
configure:4587: $? = 0
configure:4619: gcc -c -g -pipe  conftest.c >&5
conftest.c: In function 'main':
conftest.c:25: error: 'not' undeclared (first use in this function)
conftest.c:25: error: (Each undeclared identifier is reported only once
conftest.c:25: error: for each function it appears in.)
conftest.c:25: error: expected ';' before 'big'
configure:4626: $? = 1
configure: failed program was:
| /* confdefs.h.  */
| #define PACKAGE_NAME "tdbcoracle"
| #define PACKAGE_TARNAME "tdbcoracle"
| #define PACKAGE_VERSION "1.0b12"
| #define PACKAGE_STRING "tdbcoracle 1.0b12"
| #define PACKAGE_BUGREPORT ""
| #define STDC_HEADERS 1
| #define HAVE_SYS_TYPES_H 1
| #define HAVE_SYS_STAT_H 1
| #define HAVE_STDLIB_H 1
| #define HAVE_STRING_H 1
| #define HAVE_MEMORY_H 1
| #define HAVE_STRINGS_H 1
| #define HAVE_INTTYPES_H 1
| #define HAVE_STDINT_H 1
| #define HAVE_UNISTD_H 1
| /* end confdefs.h.  */
| #include <sys/types.h>
| 		#include <sys/param.h>
| 
| int
| main ()
| {
| #if BYTE_ORDER != BIG_ENDIAN
| 		 not big endian
| 		#endif
| 
|   ;
|   return 0;
| }
configure:4878: result: no
configure:4912: checking for sin
configure:4968: gcc -o conftest -g -pipe   conftest.c  >&5
conftest.c:41: warning: conflicting types for built-in function 'sin'
/tmp/ccDzFe2z.o: In function `main':
/home/slawek/gsoc/tdbc/tdbcoracle/conftest.c:52: undefined reference to `sin'
collect2: ld returned 1 exit status
configure:4975: $? = 1
configure: failed program was:
| /* confdefs.h.  */
| #define PACKAGE_NAME "tdbcoracle"
| #define PACKAGE_TARNAME "tdbcoracle"
| #define PACKAGE_VERSION "1.0b12"
| #define PACKAGE_STRING "tdbcoracle 1.0b12"
| #define PACKAGE_BUGREPORT ""
| #define STDC_HEADERS 1
| #define HAVE_SYS_TYPES_H 1
| #define HAVE_SYS_STAT_H 1
| #define HAVE_STDLIB_H 1
| #define HAVE_STRING_H 1
| #define HAVE_MEMORY_H 1
| #define HAVE_STRINGS_H 1
| #define HAVE_INTTYPES_H 1
| #define HAVE_STDINT_H 1
| #define HAVE_UNISTD_H 1
| /* end confdefs.h.  */
| /* Define sin to an innocuous variant, in case <limits.h> declares sin.
|    For example, HP-UX 11i <limits.h> declares gettimeofday.  */
| #define sin innocuous_sin
| 
| /* System header to define __stub macros and hopefully few prototypes,
|     which can conflict with char sin (); below.
|     Prefer <limits.h> to <assert.h> if __STDC__ is defined, since
|     <limits.h> exists even on freestanding compilers.  */
| 
| #ifdef __STDC__
| # include <limits.h>
| #else
| # include <assert.h>
| #endif
| 
| #undef sin
| 
| /* Override any GCC internal prototype to avoid an error.
|    Use char because int might match the return type of a GCC
|    builtin and then its argument prototype would still apply.  */
| #ifdef __cplusplus
| extern "C"
| #endif
| char sin ();
| /* The GNU C library defines this for functions which it implements
|     to always fail with ENOSYS.  Some functions are actually named
|     something starting with __ and the normal name is an alias.  */
| #if defined __stub_sin || defined __stub___sin
| choke me
| #endif
| 
| int
| main ()
| {
| return sin ();
|   ;
|   return 0;
| }
configure:4995: result: no
configure:5003: checking for main in -lieee
configure:5032: gcc -o conftest -g -pipe   conftest.c -lieee   >&5
configure:5039: $? = 0
configure:5060: result: yes
configure:5072: checking for main in -linet
configure:5101: gcc -o conftest -g -pipe   conftest.c -linet   >&5
/usr/lib/gcc/i686-pc-linux-gnu/4.3.3/../../../../i686-pc-linux-gnu/bin/ld: cannot find -linet
collect2: ld returned 1 exit status
configure:5108: $? = 1
configure: failed program was:
| /* confdefs.h.  */
| #define PACKAGE_NAME "tdbcoracle"
| #define PACKAGE_TARNAME "tdbcoracle"
| #define PACKAGE_VERSION "1.0b12"
| #define PACKAGE_STRING "tdbcoracle 1.0b12"
| #define PACKAGE_BUGREPORT ""
| #define STDC_HEADERS 1
| #define HAVE_SYS_TYPES_H 1
| #define HAVE_SYS_STAT_H 1
| #define HAVE_STDLIB_H 1
| #define HAVE_STRING_H 1
| #define HAVE_MEMORY_H 1
| #define HAVE_STRINGS_H 1
| #define HAVE_INTTYPES_H 1
| #define HAVE_STDINT_H 1
| #define HAVE_UNISTD_H 1
| /* end confdefs.h.  */
| 
| 
| int
| main ()
| {
| return main ();
|   ;
|   return 0;
| }
configure:5129: result: no
configure:5145: checking net/errno.h usability
configure:5162: gcc -c -g -pipe  conftest.c >&5
conftest.c:51:23: error: net/errno.h: No such file or directory
configure:5169: $? = 1
configure: failed program was:
| /* confdefs.h.  */
| #define PACKAGE_NAME "tdbcoracle"
| #define PACKAGE_TARNAME "tdbcoracle"
| #define PACKAGE_VERSION "1.0b12"
| #define PACKAGE_STRING "tdbcoracle 1.0b12"
| #define PACKAGE_BUGREPORT ""
| #define STDC_HEADERS 1
| #define HAVE_SYS_TYPES_H 1
| #define HAVE_SYS_STAT_H 1
| #define HAVE_STDLIB_H 1
| #define HAVE_STRING_H 1
| #define HAVE_MEMORY_H 1
| #define HAVE_STRINGS_H 1
| #define HAVE_INTTYPES_H 1
| #define HAVE_STDINT_H 1
| #define HAVE_UNISTD_H 1
| /* end confdefs.h.  */
| #include <stdio.h>
| #ifdef HAVE_SYS_TYPES_H
| # include <sys/types.h>
| #endif
| #ifdef HAVE_SYS_STAT_H
| # include <sys/stat.h>
| #endif
| #ifdef STDC_HEADERS
| # include <stdlib.h>
| # include <stddef.h>
| #else
| # ifdef HAVE_STDLIB_H
| #  include <stdlib.h>
| # endif
| #endif
| #ifdef HAVE_STRING_H
| # if !defined STDC_HEADERS && defined HAVE_MEMORY_H
| #  include <memory.h>
| # endif
| # include <string.h>
| #endif
| #ifdef HAVE_STRINGS_H
| # include <strings.h>
| #endif
| #ifdef HAVE_INTTYPES_H
| # include <inttypes.h>
| #endif
| #ifdef HAVE_STDINT_H
| # include <stdint.h>
| #endif
| #ifdef HAVE_UNISTD_H
| # include <unistd.h>
| #endif
| #include <net/errno.h>
configure:5183: result: no
configure:5187: checking net/errno.h presence
configure:5202: gcc -E  conftest.c
conftest.c:18:23: error: net/errno.h: No such file or directory
configure:5209: $? = 1
configure: failed program was:
| /* confdefs.h.  */
| #define PACKAGE_NAME "tdbcoracle"
| #define PACKAGE_TARNAME "tdbcoracle"
| #define PACKAGE_VERSION "1.0b12"
| #define PACKAGE_STRING "tdbcoracle 1.0b12"
| #define PACKAGE_BUGREPORT ""
| #define STDC_HEADERS 1
| #define HAVE_SYS_TYPES_H 1
| #define HAVE_SYS_STAT_H 1
| #define HAVE_STDLIB_H 1
| #define HAVE_STRING_H 1
| #define HAVE_MEMORY_H 1
| #define HAVE_STRINGS_H 1
| #define HAVE_INTTYPES_H 1
| #define HAVE_STDINT_H 1
| #define HAVE_UNISTD_H 1
| /* end confdefs.h.  */
| #include <net/errno.h>
configure:5223: result: no
configure:5251: checking for net/errno.h
configure:5258: result: no
configure:5292: checking for connect
configure:5348: gcc -o conftest -g -pipe   conftest.c  >&5
configure:5355: $? = 0
configure:5375: result: yes
configure:5641: checking for gethostbyname
configure:5697: gcc -o conftest -g -pipe   conftest.c  >&5
configure:5704: $? = 0
configure:5724: result: yes
configure:5809: checking dirent.h
configure:5855: gcc -o conftest -g -pipe   conftest.c  >&5
configure:5862: $? = 0
configure:5882: result: yes
configure:5904: checking errno.h usability
configure:5921: gcc -c -g -pipe  conftest.c >&5
configure:5928: $? = 0
configure:5942: result: yes
configure:5946: checking errno.h presence
configure:5961: gcc -E  conftest.c
configure:5968: $? = 0
configure:5982: result: yes
configure:6010: checking for errno.h
configure:6017: result: yes
configure:6042: checking float.h usability
configure:6059: gcc -c -g -pipe  conftest.c >&5
configure:6066: $? = 0
configure:6080: result: yes
configure:6084: checking float.h presence
configure:6099: gcc -E  conftest.c
configure:6106: $? = 0
configure:6120: result: yes
configure:6148: checking for float.h
configure:6155: result: yes
configure:6180: checking values.h usability
configure:6197: gcc -c -g -pipe  conftest.c >&5
configure:6204: $? = 0
configure:6218: result: yes
configure:6222: checking values.h presence
configure:6237: gcc -E  conftest.c
configure:6244: $? = 0
configure:6258: result: yes
configure:6286: checking for values.h
configure:6293: result: yes
configure:6318: checking limits.h usability
configure:6335: gcc -c -g -pipe  conftest.c >&5
configure:6342: $? = 0
configure:6356: result: yes
configure:6360: checking limits.h presence
configure:6375: gcc -E  conftest.c
configure:6382: $? = 0
configure:6396: result: yes
configure:6424: checking for limits.h
configure:6431: result: yes
configure:6451: checking for stdlib.h
configure:6456: result: yes
configure:6643: checking for string.h
configure:6648: result: yes
configure:6832: checking sys/wait.h usability
configure:6849: gcc -c -g -pipe  conftest.c >&5
configure:6856: $? = 0
configure:6870: result: yes
configure:6874: checking sys/wait.h presence
configure:6889: gcc -E  conftest.c
configure:6896: $? = 0
configure:6910: result: yes
configure:6938: checking for sys/wait.h
configure:6945: result: yes
configure:6970: checking dlfcn.h usability
configure:6987: gcc -c -g -pipe  conftest.c >&5
configure:6994: $? = 0
configure:7008: result: yes
configure:7012: checking dlfcn.h presence
configure:7027: gcc -E  conftest.c
configure:7034: $? = 0
configure:7048: result: yes
configure:7076: checking for dlfcn.h
configure:7083: result: yes
configure:7116: checking sys/param.h usability
configure:7133: gcc -c -g -pipe  conftest.c >&5
configure:7140: $? = 0
configure:7154: result: yes
configure:7158: checking sys/param.h presence
configure:7173: gcc -E  conftest.c
configure:7180: $? = 0
configure:7194: result: yes
configure:7222: checking for sys/param.h
configure:7231: result: yes
configure:7253: checking for inline
configure:7279: gcc -c -g -pipe  conftest.c >&5
configure:7286: $? = 0
configure:7304: result: inline
configure:7323: checking for long long
configure:7351: gcc -c -g -pipe  conftest.c >&5
configure:7358: $? = 0
configure:7385: gcc -c -g -pipe  conftest.c >&5
conftest.c: In function 'main':
conftest.c:56: error: expected expression before ')' token
configure:7392: $? = 1
configure: failed program was:
| /* confdefs.h.  */
| #define PACKAGE_NAME "tdbcoracle"
| #define PACKAGE_TARNAME "tdbcoracle"
| #define PACKAGE_VERSION "1.0b12"
| #define PACKAGE_STRING "tdbcoracle 1.0b12"
| #define PACKAGE_BUGREPORT ""
| #define STDC_HEADERS 1
| #define HAVE_SYS_TYPES_H 1
| #define HAVE_SYS_STAT_H 1
| #define HAVE_STDLIB_H 1
| #define HAVE_STRING_H 1
| #define HAVE_MEMORY_H 1
| #define HAVE_STRINGS_H 1
| #define HAVE_INTTYPES_H 1
| #define HAVE_STDINT_H 1
| #define HAVE_UNISTD_H 1
| #define HAVE_LIMITS_H 1
| #define HAVE_SYS_PARAM_H 1
| /* end confdefs.h.  */
| #include <stdio.h>
| #ifdef HAVE_SYS_TYPES_H
| # include <sys/types.h>
| #endif
| #ifdef HAVE_SYS_STAT_H
| # include <sys/stat.h>
| #endif
| #ifdef STDC_HEADERS
| # include <stdlib.h>
| # include <stddef.h>
| #else
| # ifdef HAVE_STDLIB_H
| #  include <stdlib.h>
| # endif
| #endif
| #ifdef HAVE_STRING_H
| # if !defined STDC_HEADERS && defined HAVE_MEMORY_H
| #  include <memory.h>
| # endif
| # include <string.h>
| #endif
| #ifdef HAVE_STRINGS_H
| # include <strings.h>
| #endif
| #ifdef HAVE_INTTYPES_H
| # include <inttypes.h>
| #endif
| #ifdef HAVE_STDINT_H
| # include <stdint.h>
| #endif
| #ifdef HAVE_UNISTD_H
| # include <unistd.h>
| #endif
| int
| main ()
| {
| if (sizeof ((long long)))
| 	  return 0;
|   ;
|   return 0;
| }
configure:7415: result: yes
configure:7427: checking size of long long
configure:7732: gcc -o conftest -g -pipe   conftest.c  >&5
configure:7736: $? = 0
configure:7742: ./conftest
configure:7746: $? = 0
configure:7772: result: 8
configure:7789: checking size of long
configure:8094: gcc -o conftest -g -pipe   conftest.c  >&5
configure:8098: $? = 0
configure:8104: ./conftest
configure:8108: $? = 0
configure:8134: result: 4
configure:8335: checking for Tcl public headers
configure:8409: result: /usr/local/include
configure:8473: checking for pthread_mutex_init in -lpthread
configure:8508: gcc -o conftest -g -pipe   conftest.c -lpthread   >&5
configure:8515: $? = 0
configure:8536: result: yes
configure:8861: checking for building with threads
configure:8869: result: yes (default)
configure:8893: WARNING:
    --enable-threads requested, but building against a Tcl that is NOT
    thread-enabled.  This is an OK configuration that will also run in
    a thread-enabled core.
configure:8910: checking how to build libraries
configure:8928: result: shared
configure:8955: checking if 64bit support is requested
configure:8964: result: no
configure:8969: checking if 64bit Sparc VIS support is requested
configure:8978: result: no
configure:8989: checking if compiler supports visibility "hidden"
configure:9019: gcc -o conftest -g -pipe -Werror   conftest.c  >&5
configure:9026: $? = 0
configure:9047: result: yes
configure:9062: checking if rpath support is requested
configure:9071: result: yes
configure:9097: checking system version
configure:9128: result: Linux-2.6.30-gentoo-r2
configure:9136: checking for dlopen in -ldl
configure:9171: gcc -o conftest -g -pipe   conftest.c -ldl   >&5
configure:9178: $? = 0
configure:9199: result: yes
configure:9245: checking for ar
configure:9261: found /usr/bin/ar
configure:9272: result: ar
configure:11429: checking for required early compiler flags
configure:11457: gcc -c -g -pipe  conftest.c >&5
configure:11464: $? = 0
configure:11556: gcc -c -g -pipe  conftest.c >&5
conftest.c: In function 'main':
conftest.c:33: error: storage size of 'buf' isn't known
configure:11563: $? = 1
configure: failed program was:
| /* confdefs.h.  */
| #define PACKAGE_NAME "tdbcoracle"
| #define PACKAGE_TARNAME "tdbcoracle"
| #define PACKAGE_VERSION "1.0b12"
| #define PACKAGE_STRING "tdbcoracle 1.0b12"
| #define PACKAGE_BUGREPORT ""
| #define STDC_HEADERS 1
| #define HAVE_SYS_TYPES_H 1
| #define HAVE_SYS_STAT_H 1
| #define HAVE_STDLIB_H 1
| #define HAVE_STRING_H 1
| #define HAVE_MEMORY_H 1
| #define HAVE_STRINGS_H 1
| #define HAVE_INTTYPES_H 1
| #define HAVE_STDINT_H 1
| #define HAVE_UNISTD_H 1
| #define HAVE_LIMITS_H 1
| #define HAVE_SYS_PARAM_H 1
| #define HAVE_LONG_LONG 1
| #define SIZEOF_LONG_LONG 8
| #define SIZEOF_LONG 4
| #define DONT_TD_VOID 1
| #define USE_THREAD_ALLOC 1
| #define _REENTRANT 1
| #define _THREAD_SAFE 1
| #define TCL_THREADS 1
| #define MODULE_SCOPE extern __attribute__((__visibility__("hidden")))
| /* end confdefs.h.  */
| #include <sys/stat.h>
| int
| main ()
| {
| struct stat64 buf; int i = stat64("/", &buf);
|   ;
|   return 0;
| }
configure:11595: gcc -c -g -pipe  conftest.c >&5
configure:11602: $? = 0
configure:11655: gcc -c -g -pipe  conftest.c >&5
conftest.c: In function 'main':
conftest.c:34: error: 'open64' undeclared (first use in this function)
conftest.c:34: error: (Each undeclared identifier is reported only once
conftest.c:34: error: for each function it appears in.)
configure:11662: $? = 1
configure: failed program was:
| /* confdefs.h.  */
| #define PACKAGE_NAME "tdbcoracle"
| #define PACKAGE_TARNAME "tdbcoracle"
| #define PACKAGE_VERSION "1.0b12"
| #define PACKAGE_STRING "tdbcoracle 1.0b12"
| #define PACKAGE_BUGREPORT ""
| #define STDC_HEADERS 1
| #define HAVE_SYS_TYPES_H 1
| #define HAVE_SYS_STAT_H 1
| #define HAVE_STDLIB_H 1
| #define HAVE_STRING_H 1
| #define HAVE_MEMORY_H 1
| #define HAVE_STRINGS_H 1
| #define HAVE_INTTYPES_H 1
| #define HAVE_STDINT_H 1
| #define HAVE_UNISTD_H 1
| #define HAVE_LIMITS_H 1
| #define HAVE_SYS_PARAM_H 1
| #define HAVE_LONG_LONG 1
| #define SIZEOF_LONG_LONG 8
| #define SIZEOF_LONG 4
| #define DONT_TD_VOID 1
| #define USE_THREAD_ALLOC 1
| #define _REENTRANT 1
| #define _THREAD_SAFE 1
| #define TCL_THREADS 1
| #define MODULE_SCOPE extern __attribute__((__visibility__("hidden")))
| #define _LARGEFILE64_SOURCE 1
| /* end confdefs.h.  */
| #include <sys/stat.h>
| int
| main ()
| {
| char *p = (char *)open64;
|   ;
|   return 0;
| }
configure:11694: gcc -c -g -pipe  conftest.c >&5
conftest.c: In function 'main':
conftest.c:35: error: 'open64' undeclared (first use in this function)
conftest.c:35: error: (Each undeclared identifier is reported only once
conftest.c:35: error: for each function it appears in.)
configure:11701: $? = 1
configure: failed program was:
| /* confdefs.h.  */
| #define PACKAGE_NAME "tdbcoracle"
| #define PACKAGE_TARNAME "tdbcoracle"
| #define PACKAGE_VERSION "1.0b12"
| #define PACKAGE_STRING "tdbcoracle 1.0b12"
| #define PACKAGE_BUGREPORT ""
| #define STDC_HEADERS 1
| #define HAVE_SYS_TYPES_H 1
| #define HAVE_SYS_STAT_H 1
| #define HAVE_STDLIB_H 1
| #define HAVE_STRING_H 1
| #define HAVE_MEMORY_H 1
| #define HAVE_STRINGS_H 1
| #define HAVE_INTTYPES_H 1
| #define HAVE_STDINT_H 1
| #define HAVE_UNISTD_H 1
| #define HAVE_LIMITS_H 1
| #define HAVE_SYS_PARAM_H 1
| #define HAVE_LONG_LONG 1
| #define SIZEOF_LONG_LONG 8
| #define SIZEOF_LONG 4
| #define DONT_TD_VOID 1
| #define USE_THREAD_ALLOC 1
| #define _REENTRANT 1
| #define _THREAD_SAFE 1
| #define TCL_THREADS 1
| #define MODULE_SCOPE extern __attribute__((__visibility__("hidden")))
| #define _LARGEFILE64_SOURCE 1
| /* end confdefs.h.  */
| #define _LARGEFILE_SOURCE64 1
| #include <sys/stat.h>
| int
| main ()
| {
| char *p = (char *)open64;
|   ;
|   return 0;
| }
configure:11733: result:  _LARGEFILE64_SOURCE
configure:11738: checking for 64-bit integer type
configure:11767: gcc -c -g -pipe  conftest.c >&5
conftest.c: In function 'main':
conftest.c:34: error: '__int64' undeclared (first use in this function)
conftest.c:34: error: (Each undeclared identifier is reported only once
conftest.c:34: error: for each function it appears in.)
conftest.c:34: error: expected ';' before 'value'
configure:11774: $? = 1
configure: failed program was:
| /* confdefs.h.  */
| #define PACKAGE_NAME "tdbcoracle"
| #define PACKAGE_TARNAME "tdbcoracle"
| #define PACKAGE_VERSION "1.0b12"
| #define PACKAGE_STRING "tdbcoracle 1.0b12"
| #define PACKAGE_BUGREPORT ""
| #define STDC_HEADERS 1
| #define HAVE_SYS_TYPES_H 1
| #define HAVE_SYS_STAT_H 1
| #define HAVE_STDLIB_H 1
| #define HAVE_STRING_H 1
| #define HAVE_MEMORY_H 1
| #define HAVE_STRINGS_H 1
| #define HAVE_INTTYPES_H 1
| #define HAVE_STDINT_H 1
| #define HAVE_UNISTD_H 1
| #define HAVE_LIMITS_H 1
| #define HAVE_SYS_PARAM_H 1
| #define HAVE_LONG_LONG 1
| #define SIZEOF_LONG_LONG 8
| #define SIZEOF_LONG 4
| #define DONT_TD_VOID 1
| #define USE_THREAD_ALLOC 1
| #define _REENTRANT 1
| #define _THREAD_SAFE 1
| #define TCL_THREADS 1
| #define MODULE_SCOPE extern __attribute__((__visibility__("hidden")))
| #define _LARGEFILE64_SOURCE 1
| /* end confdefs.h.  */
| 
| int
| main ()
| {
| __int64 value = (__int64) 0;
|   ;
|   return 0;
| }
configure:11814: gcc -c -g -pipe  conftest.c >&5
configure:11821: $? = 0
configure:11857: result: long long
configure:11861: checking for struct dirent64
configure:11889: gcc -c -g -pipe  conftest.c >&5
conftest.c:32:24: error: sys/dirent.h: No such file or directory
conftest.c: In function 'main':
conftest.c:36: error: storage size of 'p' isn't known
configure:11896: $? = 1
configure: failed program was:
| /* confdefs.h.  */
| #define PACKAGE_NAME "tdbcoracle"
| #define PACKAGE_TARNAME "tdbcoracle"
| #define PACKAGE_VERSION "1.0b12"
| #define PACKAGE_STRING "tdbcoracle 1.0b12"
| #define PACKAGE_BUGREPORT ""
| #define STDC_HEADERS 1
| #define HAVE_SYS_TYPES_H 1
| #define HAVE_SYS_STAT_H 1
| #define HAVE_STDLIB_H 1
| #define HAVE_STRING_H 1
| #define HAVE_MEMORY_H 1
| #define HAVE_STRINGS_H 1
| #define HAVE_INTTYPES_H 1
| #define HAVE_STDINT_H 1
| #define HAVE_UNISTD_H 1
| #define HAVE_LIMITS_H 1
| #define HAVE_SYS_PARAM_H 1
| #define HAVE_LONG_LONG 1
| #define SIZEOF_LONG_LONG 8
| #define SIZEOF_LONG 4
| #define DONT_TD_VOID 1
| #define USE_THREAD_ALLOC 1
| #define _REENTRANT 1
| #define _THREAD_SAFE 1
| #define TCL_THREADS 1
| #define MODULE_SCOPE extern __attribute__((__visibility__("hidden")))
| #define _LARGEFILE64_SOURCE 1
| #define TCL_WIDE_INT_TYPE long long
| /* end confdefs.h.  */
| #include <sys/types.h>
| #include <sys/dirent.h>
| int
| main ()
| {
| struct dirent64 p;
|   ;
|   return 0;
| }
configure:11911: result: no
configure:11921: checking for struct stat64
configure:11949: gcc -c -g -pipe  conftest.c >&5
configure:11956: $? = 0
configure:11971: result: yes
configure:11986: checking for open64
configure:12042: gcc -o conftest -g -pipe   -Wl,--export-dynamic  conftest.c  >&5
configure:12049: $? = 0
configure:12071: result: yes
configure:11986: checking for lseek64
configure:12042: gcc -o conftest -g -pipe   -Wl,--export-dynamic  conftest.c  >&5
configure:12049: $? = 0
configure:12071: result: yes
configure:12083: checking for off64_t
configure:12111: gcc -c -g -pipe  conftest.c >&5
configure:12118: $? = 0
configure:12142: result: yes
configure:12158: checking for build with symbols
configure:12171: result: no
configure:12234: checking for ORACLE_HOME variable
configure:12242: result: /usr/lib/oracle/xe/app/oracle/product/10.2.0/server
configure:12249: checking for Oracle include directory
configure:12257: result: /usr/lib/oracle/xe/app/oracle/product/10.2.0/server/rdbms/public
configure:12278: checking oci.h usability
configure:12295: gcc -c -g -pipe  -I/usr/lib/oracle/xe/app/oracle/product/10.2.0/server/rdbms/public conftest.c >&5
configure:12302: $? = 0
configure:12316: result: yes
configure:12320: checking oci.h presence
configure:12335: gcc -E  -I/usr/lib/oracle/xe/app/oracle/product/10.2.0/server/rdbms/public conftest.c
configure:12342: $? = 0
configure:12356: result: yes
configure:12384: checking for oci.h
configure:12393: result: yes
configure:12425: checking for Oracle libclntsh library directory
configure:12433: result: /usr/lib/oracle/xe/app/oracle/product/10.2.0/server/lib
configure:12438: checking for OCIEnvCreate in -lclntsh
configure:12473: gcc -o conftest -g -pipe   -Wl,--export-dynamic  -L/usr/lib/oracle/xe/app/oracle/product/10.2.0/server/lib conftest.c -lclntsh   >&5
configure:12480: $? = 0
configure:12501: result: yes
configure:12675: checking for tclsh
configure:12702: result: /usr/local/bin/tclsh8.6
configure:12858: creating ./config.status

## ---------------------- ##
## Running config.status. ##
## ---------------------- ##

This file was extended by tdbcoracle config.status 1.0b12, which was
generated by GNU Autoconf 2.63.  Invocation command line was

  CONFIG_FILES    = 
  CONFIG_HEADERS  = 
  CONFIG_LINKS    = 
  CONFIG_COMMANDS = 
  $ ./config.status 

on wiewiorek

config.status:731: creating Makefile

## ---------------- ##
## Cache variables. ##
## ---------------- ##

ac_cv_c_bigendian=no
ac_cv_c_compiler_gnu=yes
ac_cv_c_inline=inline
ac_cv_c_tclconfig=/usr/local/lib
ac_cv_c_tclh=/usr/local/include
ac_cv_c_tdbcconfig=/home/slawek/gsoc/tdbc/tdbc
ac_cv_env_CC_set=
ac_cv_env_CC_value=
ac_cv_env_CFLAGS_set=set
ac_cv_env_CFLAGS_value=-g
ac_cv_env_CPPFLAGS_set=
ac_cv_env_CPPFLAGS_value=
ac_cv_env_CPP_set=
ac_cv_env_CPP_value=
ac_cv_env_LDFLAGS_set=
ac_cv_env_LDFLAGS_value=
ac_cv_env_LIBS_set=
ac_cv_env_LIBS_value=
ac_cv_env_build_alias_set=
ac_cv_env_build_alias_value=
ac_cv_env_host_alias_set=
ac_cv_env_host_alias_value=
ac_cv_env_target_alias_set=
ac_cv_env_target_alias_value=
ac_cv_func_connect=yes
ac_cv_func_gethostbyname=yes
ac_cv_func_lseek64=yes
ac_cv_func_open64=yes
ac_cv_func_sin=no
ac_cv_header_dlfcn_h=yes
ac_cv_header_errno_h=yes
ac_cv_header_float_h=yes
ac_cv_header_inttypes_h=yes
ac_cv_header_limits_h=yes
ac_cv_header_memory_h=yes
ac_cv_header_net_errno_h=no
ac_cv_header_oci_h=yes
ac_cv_header_stdc=yes
ac_cv_header_stdint_h=yes
ac_cv_header_stdlib_h=yes
ac_cv_header_string_h=yes
ac_cv_header_strings_h=yes
ac_cv_header_sys_param_h=yes
ac_cv_header_sys_stat_h=yes
ac_cv_header_sys_types_h=yes
ac_cv_header_sys_wait_h=yes
ac_cv_header_unistd_h=yes
ac_cv_header_values_h=yes
ac_cv_lib_clntsh_OCIEnvCreate=yes
ac_cv_lib_dl_dlopen=yes
ac_cv_lib_ieee_main=yes
ac_cv_lib_inet_main=no
ac_cv_lib_pthread_pthread_mutex_init=yes
ac_cv_objext=o
ac_cv_path_EGREP='/bin/grep -E'
ac_cv_path_GREP=/bin/grep
ac_cv_path_install='/usr/bin/install -c'
ac_cv_prog_AR=ar
ac_cv_prog_CPP='gcc -E'
ac_cv_prog_ac_ct_CC=gcc
ac_cv_prog_ac_ct_RANLIB=ranlib
ac_cv_prog_cc_c89=
ac_cv_prog_cc_g=yes
ac_cv_prog_make_make_set=yes
ac_cv_sizeof_long=4
ac_cv_sizeof_long_long=8
ac_cv_type_long_long=yes
tcl_cv_cc_pipe=yes
tcl_cv_cc_visibility_hidden=yes
tcl_cv_dirent_h=yes
tcl_cv_flag__isoc99_source=no
tcl_cv_flag__largefile64_source=yes
tcl_cv_flag__largefile_source64=no
tcl_cv_struct_dirent64=no
tcl_cv_struct_stat64=yes
tcl_cv_sys_version=Linux-2.6.30-gentoo-r2
tcl_cv_type_64bit='long long'
tcl_cv_type_off64_t=yes

## ----------------- ##
## Output variables. ##
## ----------------- ##

ADD_MANIFEST=''
AR='ar'
CC='gcc'
CELIB_DIR=''
CFLAGS='-g -pipe ${CFLAGS_DEFAULT} ${CFLAGS_WARNING} ${SHLIB_CFLAGS} '
CFLAGS_DEBUG='-g'
CFLAGS_DEFAULT='-O2 -fomit-frame-pointer'
CFLAGS_OPTIMIZE='-O2 -fomit-frame-pointer'
CFLAGS_WARNING='-Wall -Wno-implicit-int'
CLEANFILES=' pkgIndex.tcl'
CONFIGURE_OUTPUTS='Makefile tdbcConfig.sh config.cache config.log config.status'
CPP='gcc -E'
CPPFLAGS=''
CYGPATH='echo'
DEFS='-DPACKAGE_NAME=\"tdbcoracle\" -DPACKAGE_TARNAME=\"tdbcoracle\" -DPACKAGE_VERSION=\"1.0b12\" -DPACKAGE_STRING=\"tdbcoracle\ 1.0b12\" -DPACKAGE_BUGREPORT=\"\" -DSTDC_HEADERS=1 -DHAVE_SYS_TYPES_H=1 -DHAVE_SYS_STAT_H=1 -DHAVE_STDLIB_H=1 -DHAVE_STRING_H=1 -DHAVE_MEMORY_H=1 -DHAVE_STRINGS_H=1 -DHAVE_INTTYPES_H=1 -DHAVE_STDINT_H=1 -DHAVE_UNISTD_H=1 -DHAVE_LIMITS_H=1 -DHAVE_SYS_PARAM_H=1 -DHAVE_LONG_LONG=1 -DSIZEOF_LONG_LONG=8 -DSIZEOF_LONG=4 -DDONT_TD_VOID=1 -DUSE_THREAD_ALLOC=1 -D_REENTRANT=1 -D_THREAD_SAFE=1 -DTCL_THREADS=1 -DMODULE_SCOPE=extern\ __attribute__\(\(__visibility__\(\"hidden\"\)\)\) -D_LARGEFILE64_SOURCE=1 -DTCL_WIDE_INT_TYPE=long\ long -DHAVE_STRUCT_STAT64=1 -DHAVE_OPEN64=1 -DHAVE_LSEEK64=1 -DHAVE_TYPE_OFF64_T=1 -DBUILD_tdbcoracle=1 -DUSE_TCL_STUBS=1 -DUSE_TK_STUBS=1 -DHAVE_OCI_H=1'
DL_LIBS='-ldl'
ECHO_C=''
ECHO_N='-n'
ECHO_T=''
EGREP='/bin/grep -E'
EXEEXT=''
GREP='/bin/grep'
INSTALL_DATA='${INSTALL} -m 644'
INSTALL_PROGRAM='${INSTALL}'
INSTALL_SCRIPT='${INSTALL}'
LDFLAGS=' -Wl,--export-dynamic '
LDFLAGS_DEFAULT=' -Wl,--export-dynamic '
LD_LIBRARY_PATH_VAR='LD_LIBRARY_PATH'
LIBOBJS=''
LIBS=''
LTLIBOBJS=''
MAKE_LIB='${SHLIB_LD} -o $@ $(PKG_OBJECTS) ${SHLIB_LD_LIBS} '
MAKE_SHARED_LIB='${SHLIB_LD} -o $@ $(PKG_OBJECTS) ${SHLIB_LD_LIBS}'
MAKE_STATIC_LIB='${STLIB_LD} $@ $(PKG_OBJECTS)'
MAKE_STUB_LIB='${STLIB_LD} $@ $(PKG_STUB_OBJECTS)'
MATH_LIBS='-lieee -lm'
MT=''
OBJEXT='o'
PACKAGE_BUGREPORT=''
PACKAGE_NAME='tdbcoracle'
PACKAGE_STRING='tdbcoracle 1.0b12'
PACKAGE_TARNAME='tdbcoracle'
PACKAGE_VERSION='1.0b12'
PATH_SEPARATOR=':'
PKG_CFLAGS=' -DUSE_TCLOO_STUBS -DUSE_TDBC_STUBS'
PKG_HEADERS=''
PKG_INCLUDES=' -I/usr/local/include -I/usr/lib/oracle/xe/app/oracle/product/10.2.0/server/rdbms/public'
PKG_LIBS=' -L/usr/local/lib/tdbc1.0b12 -ltdbcstub1.0b12 -L/usr/lib/oracle/xe/app/oracle/product/10.2.0/server/lib -lclntsh'
PKG_LIB_FILE='libtdbcoracle1.0b12.so'
PKG_OBJECTS=' tdbcoracle.o'
PKG_SOURCES=' generic/tdbcoracle.c'
PKG_STUB_LIB_FILE='libtdbcoraclestub1.0b12.a'
PKG_STUB_OBJECTS=''
PKG_STUB_SOURCES=''
PKG_TCL_SOURCES=' library/tdbcoracle.tcl'
RANLIB=':'
RANLIB_STUB='ranlib'
SET_MAKE=''
SHARED_BUILD='1'
SHELL='/bin/sh'
SHLIB_CFLAGS='-fPIC'
SHLIB_LD='${CC} -shared ${CFLAGS} ${LDFLAGS_DEFAULT}'
SHLIB_LD_LIBS='${LIBS} -L/usr/local/lib -ltclstub8.6'
STLIB_LD='${AR} cr'
TCLSH_PROG='/usr/local/bin/tclsh8.6'
TCL_BIN_DIR='/usr/local/lib'
TCL_DBGX=''
TCL_DEFS='-DPACKAGE_NAME=\"tcl\" -DPACKAGE_TARNAME=\"tcl\" -DPACKAGE_VERSION=\"8.6\" -DPACKAGE_STRING=\"tcl\ 8.6\" -DPACKAGE_BUGREPORT=\"\" -DSTDC_HEADERS=1 -DHAVE_SYS_TYPES_H=1 -DHAVE_SYS_STAT_H=1 -DHAVE_STDLIB_H=1 -DHAVE_STRING_H=1 -DHAVE_MEMORY_H=1 -DHAVE_STRINGS_H=1 -DHAVE_INTTYPES_H=1 -DHAVE_STDINT_H=1 -DHAVE_UNISTD_H=1 -DHAVE_LIMITS_H=1 -DHAVE_SYS_PARAM_H=1 -DTCL_CFGVAL_ENCODING=\"iso8859-1\" -DHAVE_ZLIB=1 -DMODULE_SCOPE=extern\ __attribute__\(\(__visibility__\(\"hidden\"\)\)\) -DTCL_SHLIB_EXT=\".so\" -DTCL_CFG_OPTIMIZED=1 -DTCL_CFG_DEBUG=1 -DTCL_TOMMATH=1 -DMP_PREC=4 -D_LARGEFILE64_SOURCE=1 -DTCL_WIDE_INT_TYPE=long\ long -DHAVE_STRUCT_STAT64=1 -DHAVE_OPEN64=1 -DHAVE_LSEEK64=1 -DHAVE_TYPE_OFF64_T=1 -DHAVE_GETCWD=1 -DHAVE_MKSTEMP=1 -DHAVE_OPENDIR=1 -DHAVE_STRTOL=1 -DHAVE_WAITPID=1 -DHAVE_GETADDRINFO=1 -DUSE_TERMIOS=1 -DHAVE_SYS_TIME_H=1 -DTIME_WITH_SYS_TIME=1 -DHAVE_STRUCT_TM_TM_ZONE=1 -DHAVE_TM_ZONE=1 -DHAVE_GMTIME_R=1 -DHAVE_LOCALTIME_R=1 -DHAVE_MKTIME=1 -DHAVE_TM_GMTOFF=1 -DHAVE_TIMEZONE_VAR=1 -DHAVE_STRUCT_STAT_ST_BLKSIZE=1 -DHAVE_ST_BLKSIZE=1 -DHAVE_INTPTR_T=1 -DHAVE_UINTPTR_T=1 -DHAVE_SIGNED_CHAR=1 -DHAVE_LANGINFO=1 -DHAVE_SYS_IOCTL_H=1 -DTCL_UNLOAD_DLLS=1 '
TCL_EXTRA_CFLAGS='-g -pipe '
TCL_INCLUDES='-I"/usr/local/include"'
TCL_LD_FLAGS=' -Wl,--export-dynamic '
TCL_LIBS='${DL_LIBS} ${LIBS} ${MATH_LIBS}'
TCL_LIB_FILE='libtcl8.6.so'
TCL_LIB_FLAG='-ltcl8.6'
TCL_LIB_SPEC='-L/usr/local/lib -ltcl8.6'
TCL_SHLIB_LD_LIBS='${LIBS}'
TCL_SRC_DIR='/home/slawek/gsoc/other/tcl'
TCL_STUB_LIB_FILE='libtclstub8.6.a'
TCL_STUB_LIB_FLAG='-ltclstub8.6'
TCL_STUB_LIB_SPEC='-L/usr/local/lib -ltclstub8.6'
TCL_THREADS='1'
TCL_VERSION='8.6'
ac_ct_CC='gcc'
bindir='${exec_prefix}/bin'
build_alias=''
datadir='${datarootdir}'
datarootdir='${prefix}/share'
docdir='${datarootdir}/doc/${PACKAGE_TARNAME}'
dvidir='${docdir}'
exec_prefix='/usr/local'
host_alias=''
htmldir='${docdir}'
includedir='${prefix}/include'
infodir='${datarootdir}/info'
libdir='${exec_prefix}/lib'
libexecdir='${exec_prefix}/libexec'
localedir='${datarootdir}/locale'
localstatedir='${prefix}/var'
mandir='${datarootdir}/man'
oldincludedir='/usr/include'
pdfdir='${docdir}'
prefix='/usr/local'
program_transform_name='s,x,x,'
psdir='${docdir}'
sbindir='${exec_prefix}/sbin'
sharedstatedir='${prefix}/com'
sysconfdir='${prefix}/etc'
target_alias=''
tcloo_BIN_DIR=''
tcloo_LIB_FILE=''
tcloo_LIB_SPEC=''
tcloo_SRC_DIR=''
tcloo_STUB_LIB_FILE=''
tcloo_STUB_LIB_PATH=''
tcloo_STUB_LIB_SPEC=''
tcloo_VERSION=''
tdbc_BIN_DIR='/home/slawek/gsoc/tdbc/tdbc'
tdbc_LIB_FILE=''
tdbc_LIB_SPEC=''
tdbc_SRC_DIR=''
tdbc_STUB_LIB_FILE=''
tdbc_STUB_LIB_PATH=''
tdbc_STUB_LIB_SPEC=''
tdbc_VERSION=''

## ----------- ##
## confdefs.h. ##
## ----------- ##

#define PACKAGE_NAME "tdbcoracle"
#define PACKAGE_TARNAME "tdbcoracle"
#define PACKAGE_VERSION "1.0b12"
#define PACKAGE_STRING "tdbcoracle 1.0b12"
#define PACKAGE_BUGREPORT ""
#define STDC_HEADERS 1
#define HAVE_SYS_TYPES_H 1
#define HAVE_SYS_STAT_H 1
#define HAVE_STDLIB_H 1
#define HAVE_STRING_H 1
#define HAVE_MEMORY_H 1
#define HAVE_STRINGS_H 1
#define HAVE_INTTYPES_H 1
#define HAVE_STDINT_H 1
#define HAVE_UNISTD_H 1
#define HAVE_LIMITS_H 1
#define HAVE_SYS_PARAM_H 1
#define HAVE_LONG_LONG 1
#define SIZEOF_LONG_LONG 8
#define SIZEOF_LONG 4
#define DONT_TD_VOID 1
#define USE_THREAD_ALLOC 1
#define _REENTRANT 1
#define _THREAD_SAFE 1
#define TCL_THREADS 1
#define MODULE_SCOPE extern __attribute__((__visibility__("hidden")))
#define _LARGEFILE64_SOURCE 1
#define TCL_WIDE_INT_TYPE long long
#define HAVE_STRUCT_STAT64 1
#define HAVE_OPEN64 1
#define HAVE_LSEEK64 1
#define HAVE_TYPE_OFF64_T 1
#define BUILD_tdbcoracle 1
#define USE_TCL_STUBS 1
#define USE_TK_STUBS 1
#define HAVE_OCI_H 1

configure: exit 0
